<<<LOG
		<< Start of Message >>
		There was a hacking attempt on your form.
		Date of Attack: 23 Apr 2017
		IP-Adress: 127.0.0.1
		Host of Attacker: localhost
		Point of Attack: formLog
		<< End of Message >>
LOG>>>
<<<LOG
		<< Start of Message >>
		There was a hacking attempt on your form.
		Date of Attack: 23 Apr 2017
		IP-Adress: 127.0.0.1
		Host of Attacker: localhost
		Point of Attack: formLog
		<< End of Message >>
LOG>>>
<<<LOG
		<< Start of Message >>
		There was a hacking attempt on your form.
		Date of Attack: 23 Apr 2017
		IP-Adress: 127.0.0.1
		Host of Attacker: localhost
		Point of Attack: formLog
		<< End of Message >>
LOG>>>
<<<LOG
		<< Start of Message >>
		There was a hacking attempt on your form.
		Date of Attack: 23 Apr 2017
		IP-Adress: 127.0.0.1
		Host of Attacker: localhost
		Point of Attack: formLog
		<< End of Message >>
LOG>>>
<<<LOG
		<< Start of Message >>
		There was a hacking attempt on your form.
		Date of Attack: 23 Apr 2017
		IP-Adress: 127.0.0.1
		Host of Attacker: localhost
		Point of Attack: formLog
		<< End of Message >>
LOG>>>
<<<LOG
		<< Start of Message >>
		There was a hacking attempt on your form.
		Date of Attack: 23 Apr 2017
		IP-Adress: 127.0.0.1
		Host of Attacker: localhost
		Point of Attack: formLog
		<< End of Message >>
LOG>>>
<<<LOG
		<< Start of Message >>
		There was a hacking attempt on your form.
		Date of Attack: 23 Apr 2017
		IP-Adress: 127.0.0.1
		Host of Attacker: localhost
		Point of Attack: formLog
		<< End of Message >>
LOG>>>
<<<LOG
		<< Start of Message >>
		There was a hacking attempt on your form.
		Date of Attack: 23 Apr 2017
		IP-Adress: 127.0.0.1
		Host of Attacker: localhost
		Point of Attack: formLog
		<< End of Message >>
LOG>>>
<<<LOG
		<< Start of Message >>
		There was a hacking attempt on your form.
		Date of Attack: 23 Apr 2017
		IP-Adress: 127.0.0.1
		Host of Attacker: localhost
		Point of Attack: formLog
		<< End of Message >>
LOG>>>
<<<LOG
		<< Start of Message >>
		There was a hacking attempt on your form.
		Date of Attack: 23 Apr 2017
		IP-Adress: 127.0.0.1
		Host of Attacker: localhost
		Point of Attack: formLog
		<< End of Message >>
LOG>>>
<<<LOG
		<< Start of Message >>
		There was a hacking attempt on your form.
		Date of Attack: 23 Apr 2017
		IP-Adress: 127.0.0.1
		Host of Attacker: localhost
		Point of Attack: formLog
		<< End of Message >>
LOG>>>
<<<LOG
		<< Start of Message >>
		There was a hacking attempt on your form.
		Date of Attack: 23 Apr 2017
		IP-Adress: 127.0.0.1
		Host of Attacker: localhost
		Point of Attack: formLog
		<< End of Message >>
LOG>>>
<<<LOG
		<< Start of Message >>
		There was a hacking attempt on your form.
		Date of Attack: 26 Apr 2017
		IP-Adress: ::1
		Host of Attacker: localhost
		Point of Attack: formLog
		<< End of Message >>
LOG>>>
<<<LOG
		<< Start of Message >>
		There was a hacking attempt on your form.
		Date of Attack: 29 Apr 2017
		IP-Adress: 127.0.0.1
		Host of Attacker: localhost
		Point of Attack: formLog
		<< End of Message >>
LOG>>>
<<<LOG
		<< Start of Message >>
		There was a hacking attempt on your form.
		Date of Attack: 29 Apr 2017
		IP-Adress: 127.0.0.1
		Host of Attacker: localhost
		Point of Attack: formLog
		<< End of Message >>
LOG>>>
<<<LOG
		<< Start of Message >>
		There was a hacking attempt on your form.
		Date of Attack: 29 Apr 2017
		IP-Adress: 127.0.0.1
		Host of Attacker: localhost
		Point of Attack: formLog
		<< End of Message >>
LOG>>>
<<<LOG
		<< Start of Message >>
		There was a hacking attempt on your form.
		Date of Attack: 06 May 2017
		IP-Adress: ::1
		Host of Attacker: localhost
		Point of Attack: formLog
		<< End of Message >>
LOG>>>
<<<LOG
		<< Start of Message >>
		There was a hacking attempt on your form.
		Date of Attack: 06 May 2017
		IP-Adress: ::1
		Host of Attacker: localhost
		Point of Attack: formLog
		<< End of Message >>
LOG>>>
<<<LOG
		<< Start of Message >>
		There was a hacking attempt on your form.
		Date of Attack: 11 May 2017
		IP-Adress: ::1
		Host of Attacker: localhost
		Point of Attack: formLog
		<< End of Message >>
        LOG>>>
<<<LOG
		<< Start of Message >>
		There was a hacking attempt on your form.
		Date of Attack: 11 May 2017
		IP-Adress: ::1
		Host of Attacker: localhost
		Point of Attack: formLog
		<< End of Message >>
        LOG>>>
<<<LOG
		<< Start of Message >>
		There was a hacking attempt on your form.
		Date of Attack: 11 May 2017
		IP-Adress: ::1
		Host of Attacker: localhost
		Point of Attack: formLog
		<< End of Message >>
        LOG>>>
<<<LOG
		<< Start of Message >>
		There was a hacking attempt on your form.
		Date of Attack: 11 May 2017
		IP-Adress: ::1
		Host of Attacker: localhost
		Point of Attack: formLog
		<< End of Message >>
        LOG>>>
<<<LOG
		<< Start of Message >>
		There was a hacking attempt on your form.
		Date of Attack: 17 May 2017
		IP-Adress: ::1
		Host of Attacker: localhost
		Point of Attack: formLog
		<< End of Message >>
        LOG>>>
<<<LOG
		<< Start of Message >>
		There was a hacking attempt on your form.
		Date of Attack: 17 May 2017
		IP-Adress: ::1
		Host of Attacker: localhost
		Point of Attack: formLog
		<< End of Message >>
        LOG>>>
<<<LOG
		<< Start of Message >>
		There was a hacking attempt on your form.
		Date of Attack: 17 May 2017
		IP-Adress: ::1
		Host of Attacker: localhost
		Point of Attack: formLog
		<< End of Message >>
        LOG>>>
<<<LOG
		<< Start of Message >>
		There was a hacking attempt on your form.
		Date of Attack: 17 May 2017
		IP-Adress: ::1
		Host of Attacker: localhost
		Point of Attack: formLog
		<< End of Message >>
        LOG>>>
<<<LOG
		<< Start of Message >>
		There was a hacking attempt on your form.
		Date of Attack: 17 May 2017
		IP-Adress: ::1
		Host of Attacker: localhost
		Point of Attack: formLog
		<< End of Message >>
        LOG>>>
<<<LOG
		<< Start of Message >>
		There was a hacking attempt on your form.
		Date of Attack: 17 May 2017
		IP-Adress: ::1
		Host of Attacker: localhost
		Point of Attack: formLog
		<< End of Message >>
        LOG>>>
<<<LOG
		<< Start of Message >>
		There was a hacking attempt on your form.
		Date of Attack: 17 May 2017
		IP-Adress: ::1
		Host of Attacker: localhost
		Point of Attack: formLog
		<< End of Message >>
        LOG>>>
<<<LOG
		<< Start of Message >>
		There was a hacking attempt on your form.
		Date of Attack: 17 May 2017
		IP-Adress: ::1
		Host of Attacker: localhost
		Point of Attack: formLog
		<< End of Message >>
        LOG>>>
<<<LOG
		<< Start of Message >>
		There was a hacking attempt on your form.
		Date of Attack: 17 May 2017
		IP-Adress: ::1
		Host of Attacker: localhost
		Point of Attack: formLog
		<< End of Message >>
        LOG>>>
<<<LOG
		<< Start of Message >>
		There was a hacking attempt on your form.
		Date of Attack: 17 May 2017
		IP-Adress: ::1
		Host of Attacker: localhost
		Point of Attack: formLog
		<< End of Message >>
        LOG>>>
